2015-12-17 15:12:24,664 :: DEBUG :: logUtils :: <module> :: this is an autotest for debug message
2015-12-17 15:12:24,664 :: INFO :: logUtils :: <module> :: this is an autotest for info message
2015-12-17 15:12:24,664 :: WARNING :: logUtils :: <module> :: this is an autotest for warning message
2015-12-17 15:12:24,664 :: ERROR :: logUtils :: <module> :: this is an autotest for error message
2015-12-17 15:12:24,665 :: CRITICAL :: logUtils :: <module> :: this is an autotest for critical message
2015-12-17 15:52:16,412 :: INFO :: chronoUtils :: <module> :: partial elapsed time: 1.00 s
2015-12-17 15:52:17,413 :: INFO :: chronoUtils :: <module> :: partial elapsed time: 1.00 s
2015-12-17 15:52:18,415 :: INFO :: chronoUtils :: <module> :: partial elapsed time: 1.00 s
2015-12-17 15:52:18,415 :: INFO :: chronoUtils :: <module> :: total elapsed time: 3.00 s
2015-12-17 16:30:21,842 :: DEBUG :: logUtils :: <module> :: this is an autotest for debug message
2015-12-17 16:30:21,854 :: INFO :: logUtils :: <module> :: this is an autotest for info message
2015-12-17 16:30:21,854 :: WARNING :: logUtils :: <module> :: this is an autotest for warning message
2015-12-17 16:30:21,854 :: ERROR :: logUtils :: <module> :: this is an autotest for error message
2015-12-17 16:30:21,854 :: CRITICAL :: logUtils :: <module> :: this is an autotest for critical message
2015-12-17 16:31:20,885 :: INFO :: template_module :: main :: Bonjour!
2015-12-17 16:31:20,885 :: INFO :: template_module :: template_function :: Entre dans la fonction...
2015-12-17 16:31:20,885 :: ERROR :: template_module :: template_function :: 'fic1' doesn't exist...
2015-12-17 16:31:20,885 :: ERROR :: template_module :: template_function :: 'fic2' doesn't exist...
2015-12-17 16:31:20,885 :: ERROR :: template_module :: template_function :: 'fic3' doesn't exist...
2015-12-17 16:31:20,886 :: ERROR :: template_module :: template_function :: 'fic4' doesn't exist...
2015-12-17 16:31:20,886 :: INFO :: template_module :: main :: Au revoir!
